<?xml version="1.0" encoding="UTF-8"?>
<testng-results ignored="0" total="1" passed="1" failed="0" skipped="0">
  <reporter-output>
  </reporter-output>
  <suite started-at="2022-08-17T19:43:09 BST" name="Default suite" finished-at="2022-08-17T19:43:15 BST" duration-ms="5314">
    <groups>
    </groups>
    <test started-at="2022-08-17T19:43:09 BST" name="Default test" finished-at="2022-08-17T19:43:15 BST" duration-ms="5314">
      <class name="com.fb.qa.testcases.SignUpPageTest">
        <test-method is-config="true" signature="setUp()[pri:0, instance:com.fb.qa.testcases.SignUpPageTest@2eae8e6e]" started-at="2022-08-17T19:43:10 BST" name="setUp" finished-at="2022-08-17T19:43:13 BST" duration-ms="3419" status="PASS">
          <reporter-output>
          </reporter-output>
        </test-method> <!-- setUp -->
        <test-method signature="createNewAccountTest()[pri:1, instance:com.fb.qa.testcases.SignUpPageTest@2eae8e6e]" started-at="2022-08-17T19:43:13 BST" name="createNewAccountTest" finished-at="2022-08-17T19:43:15 BST" duration-ms="1789" status="PASS">
          <reporter-output>
          </reporter-output>
        </test-method> <!-- createNewAccountTest -->
      </class> <!-- com.fb.qa.testcases.SignUpPageTest -->
    </test> <!-- Default test -->
  </suite> <!-- Default suite -->
</testng-results>
